<?xml version="1.0" encoding="UTF-8"?>
<!-- Generated by org.testng.reporters.JUnitReportReporter -->
<testsuite hostname="Voldemort" failures="0" tests="5" name="test_scenarios.TestLoginDetails" time="0.025" errors="5" timestamp="2023-07-20T04:33:41 IST" skipped="0">
  <testcase classname="test_scenarios.TestLoginDetails" name="createPolicy" time="0.003">
    <error message="Unresolved compilation problems: 
	The method getUsername() is undefined for the type Login
	The method getPassword() is undefined for the type Login
	The method getCustomer_first_name() is undefined for the type CustomerPolicy
	The method getCustomer_last_name() is undefined for the type CustomerPolicy
	The method getCustomer_email() is undefined for the type CustomerPolicy
	The method getCustomer_street() is undefined for the type CustomerPolicy
	The method getCustomer_street_number() is undefined for the type CustomerPolicy
	The method getCustomer_zip() is undefined for the type CustomerPolicy
	The method getCustomer_city() is undefined for the type CustomerPolicy
	The method getCustomer_country() is undefined for the type CustomerPolicy
" type="java.lang.Error">
      <![CDATA[java.lang.Error: Unresolved compilation problems: 
The method getUsername() is undefined for the type Login
The method getPassword() is undefined for the type Login
The method getCustomer_first_name() is undefined for the type CustomerPolicy
The method getCustomer_last_name() is undefined for the type CustomerPolicy
The method getCustomer_email() is undefined for the type CustomerPolicy
The method getCustomer_street() is undefined for the type CustomerPolicy
The method getCustomer_street_number() is undefined for the type CustomerPolicy
The method getCustomer_zip() is undefined for the type CustomerPolicy
The method getCustomer_city() is undefined for the type CustomerPolicy
The method getCustomer_country() is undefined for the type CustomerPolicy

at test_scenarios.TestLoginDetails.createPolicy(TestLoginDetails.java:51)
at java.base/jdk.internal.reflect.NativeMethodAccessorImpl.invoke0(Native Method)
at java.base/jdk.internal.reflect.NativeMethodAccessorImpl.invoke(NativeMethodAccessorImpl.java:64)
at java.base/jdk.internal.reflect.DelegatingMethodAccessorImpl.invoke(DelegatingMethodAccessorImpl.java:43)
at java.base/java.lang.reflect.Method.invoke(Method.java:564)
at org.testng.internal.MethodInvocationHelper.invokeMethod(MethodInvocationHelper.java:133)
at org.testng.internal.TestInvoker.invokeMethod(TestInvoker.java:598)
at org.testng.internal.TestInvoker.invokeTestMethod(TestInvoker.java:173)
at org.testng.internal.MethodRunner.runInSequence(MethodRunner.java:46)
at org.testng.internal.TestInvoker$MethodInvocationAgent.invoke(TestInvoker.java:824)
at org.testng.internal.TestInvoker.invokeTestMethods(TestInvoker.java:146)
at org.testng.internal.TestMethodWorker.invokeTestMethods(TestMethodWorker.java:146)
at org.testng.internal.TestMethodWorker.run(TestMethodWorker.java:128)
at java.base/java.util.ArrayList.forEach(ArrayList.java:1511)
at org.testng.TestRunner.privateRun(TestRunner.java:794)
at org.testng.TestRunner.run(TestRunner.java:596)
at org.testng.SuiteRunner.runTest(SuiteRunner.java:377)
at org.testng.SuiteRunner.runSequentially(SuiteRunner.java:371)
at org.testng.SuiteRunner.privateRun(SuiteRunner.java:332)
at org.testng.SuiteRunner.run(SuiteRunner.java:276)
at org.testng.SuiteRunnerWorker.runSuite(SuiteRunnerWorker.java:53)
at org.testng.SuiteRunnerWorker.run(SuiteRunnerWorker.java:96)
at org.testng.TestNG.runSuitesSequentially(TestNG.java:1212)
at org.testng.TestNG.runSuitesLocally(TestNG.java:1134)
at org.testng.TestNG.runSuites(TestNG.java:1063)
at org.testng.TestNG.run(TestNG.java:1031)
at org.testng.remote.AbstractRemoteTestNG.run(AbstractRemoteTestNG.java:115)
at org.testng.remote.RemoteTestNG.initAndRun(RemoteTestNG.java:251)
at org.testng.remote.RemoteTestNG.main(RemoteTestNG.java:77)
]]>
    </error>
  </testcase> <!-- createPolicy -->
  <system-out/>
  <testcase classname="test_scenarios.TestLoginDetails" name="createPolicy" time="0.002">
    <error message="Unresolved compilation problems: 
	The method getUsername() is undefined for the type Login
	The method getPassword() is undefined for the type Login
	The method getCustomer_first_name() is undefined for the type CustomerPolicy
	The method getCustomer_last_name() is undefined for the type CustomerPolicy
	The method getCustomer_email() is undefined for the type CustomerPolicy
	The method getCustomer_street() is undefined for the type CustomerPolicy
	The method getCustomer_street_number() is undefined for the type CustomerPolicy
	The method getCustomer_zip() is undefined for the type CustomerPolicy
	The method getCustomer_city() is undefined for the type CustomerPolicy
	The method getCustomer_country() is undefined for the type CustomerPolicy
" type="java.lang.Error">
      <![CDATA[java.lang.Error: Unresolved compilation problems: 
The method getUsername() is undefined for the type Login
The method getPassword() is undefined for the type Login
The method getCustomer_first_name() is undefined for the type CustomerPolicy
The method getCustomer_last_name() is undefined for the type CustomerPolicy
The method getCustomer_email() is undefined for the type CustomerPolicy
The method getCustomer_street() is undefined for the type CustomerPolicy
The method getCustomer_street_number() is undefined for the type CustomerPolicy
The method getCustomer_zip() is undefined for the type CustomerPolicy
The method getCustomer_city() is undefined for the type CustomerPolicy
The method getCustomer_country() is undefined for the type CustomerPolicy

at test_scenarios.TestLoginDetails.createPolicy(TestLoginDetails.java:51)
at java.base/jdk.internal.reflect.NativeMethodAccessorImpl.invoke0(Native Method)
at java.base/jdk.internal.reflect.NativeMethodAccessorImpl.invoke(NativeMethodAccessorImpl.java:64)
at java.base/jdk.internal.reflect.DelegatingMethodAccessorImpl.invoke(DelegatingMethodAccessorImpl.java:43)
at java.base/java.lang.reflect.Method.invoke(Method.java:564)
at org.testng.internal.MethodInvocationHelper.invokeMethod(MethodInvocationHelper.java:133)
at org.testng.internal.TestInvoker.invokeMethod(TestInvoker.java:598)
at org.testng.internal.TestInvoker.invokeTestMethod(TestInvoker.java:173)
at org.testng.internal.MethodRunner.runInSequence(MethodRunner.java:46)
at org.testng.internal.TestInvoker$MethodInvocationAgent.invoke(TestInvoker.java:824)
at org.testng.internal.TestInvoker.invokeTestMethods(TestInvoker.java:146)
at org.testng.internal.TestMethodWorker.invokeTestMethods(TestMethodWorker.java:146)
at org.testng.internal.TestMethodWorker.run(TestMethodWorker.java:128)
at java.base/java.util.ArrayList.forEach(ArrayList.java:1511)
at org.testng.TestRunner.privateRun(TestRunner.java:794)
at org.testng.TestRunner.run(TestRunner.java:596)
at org.testng.SuiteRunner.runTest(SuiteRunner.java:377)
at org.testng.SuiteRunner.runSequentially(SuiteRunner.java:371)
at org.testng.SuiteRunner.privateRun(SuiteRunner.java:332)
at org.testng.SuiteRunner.run(SuiteRunner.java:276)
at org.testng.SuiteRunnerWorker.runSuite(SuiteRunnerWorker.java:53)
at org.testng.SuiteRunnerWorker.run(SuiteRunnerWorker.java:96)
at org.testng.TestNG.runSuitesSequentially(TestNG.java:1212)
at org.testng.TestNG.runSuitesLocally(TestNG.java:1134)
at org.testng.TestNG.runSuites(TestNG.java:1063)
at org.testng.TestNG.run(TestNG.java:1031)
at org.testng.remote.AbstractRemoteTestNG.run(AbstractRemoteTestNG.java:115)
at org.testng.remote.RemoteTestNG.initAndRun(RemoteTestNG.java:251)
at org.testng.remote.RemoteTestNG.main(RemoteTestNG.java:77)
]]>
    </error>
  </testcase> <!-- createPolicy -->
  <system-out/>
  <testcase classname="test_scenarios.TestLoginDetails" name="createPolicy" time="0.006">
    <error message="Unresolved compilation problems: 
	The method getUsername() is undefined for the type Login
	The method getPassword() is undefined for the type Login
	The method getCustomer_first_name() is undefined for the type CustomerPolicy
	The method getCustomer_last_name() is undefined for the type CustomerPolicy
	The method getCustomer_email() is undefined for the type CustomerPolicy
	The method getCustomer_street() is undefined for the type CustomerPolicy
	The method getCustomer_street_number() is undefined for the type CustomerPolicy
	The method getCustomer_zip() is undefined for the type CustomerPolicy
	The method getCustomer_city() is undefined for the type CustomerPolicy
	The method getCustomer_country() is undefined for the type CustomerPolicy
" type="java.lang.Error">
      <![CDATA[java.lang.Error: Unresolved compilation problems: 
The method getUsername() is undefined for the type Login
The method getPassword() is undefined for the type Login
The method getCustomer_first_name() is undefined for the type CustomerPolicy
The method getCustomer_last_name() is undefined for the type CustomerPolicy
The method getCustomer_email() is undefined for the type CustomerPolicy
The method getCustomer_street() is undefined for the type CustomerPolicy
The method getCustomer_street_number() is undefined for the type CustomerPolicy
The method getCustomer_zip() is undefined for the type CustomerPolicy
The method getCustomer_city() is undefined for the type CustomerPolicy
The method getCustomer_country() is undefined for the type CustomerPolicy

at test_scenarios.TestLoginDetails.createPolicy(TestLoginDetails.java:51)
at java.base/jdk.internal.reflect.NativeMethodAccessorImpl.invoke0(Native Method)
at java.base/jdk.internal.reflect.NativeMethodAccessorImpl.invoke(NativeMethodAccessorImpl.java:64)
at java.base/jdk.internal.reflect.DelegatingMethodAccessorImpl.invoke(DelegatingMethodAccessorImpl.java:43)
at java.base/java.lang.reflect.Method.invoke(Method.java:564)
at org.testng.internal.MethodInvocationHelper.invokeMethod(MethodInvocationHelper.java:133)
at org.testng.internal.TestInvoker.invokeMethod(TestInvoker.java:598)
at org.testng.internal.TestInvoker.invokeTestMethod(TestInvoker.java:173)
at org.testng.internal.MethodRunner.runInSequence(MethodRunner.java:46)
at org.testng.internal.TestInvoker$MethodInvocationAgent.invoke(TestInvoker.java:824)
at org.testng.internal.TestInvoker.invokeTestMethods(TestInvoker.java:146)
at org.testng.internal.TestMethodWorker.invokeTestMethods(TestMethodWorker.java:146)
at org.testng.internal.TestMethodWorker.run(TestMethodWorker.java:128)
at java.base/java.util.ArrayList.forEach(ArrayList.java:1511)
at org.testng.TestRunner.privateRun(TestRunner.java:794)
at org.testng.TestRunner.run(TestRunner.java:596)
at org.testng.SuiteRunner.runTest(SuiteRunner.java:377)
at org.testng.SuiteRunner.runSequentially(SuiteRunner.java:371)
at org.testng.SuiteRunner.privateRun(SuiteRunner.java:332)
at org.testng.SuiteRunner.run(SuiteRunner.java:276)
at org.testng.SuiteRunnerWorker.runSuite(SuiteRunnerWorker.java:53)
at org.testng.SuiteRunnerWorker.run(SuiteRunnerWorker.java:96)
at org.testng.TestNG.runSuitesSequentially(TestNG.java:1212)
at org.testng.TestNG.runSuitesLocally(TestNG.java:1134)
at org.testng.TestNG.runSuites(TestNG.java:1063)
at org.testng.TestNG.run(TestNG.java:1031)
at org.testng.remote.AbstractRemoteTestNG.run(AbstractRemoteTestNG.java:115)
at org.testng.remote.RemoteTestNG.initAndRun(RemoteTestNG.java:251)
at org.testng.remote.RemoteTestNG.main(RemoteTestNG.java:77)
]]>
    </error>
  </testcase> <!-- createPolicy -->
  <system-out/>
  <testcase classname="test_scenarios.TestLoginDetails" name="createPolicy" time="0.012">
    <error message="Unresolved compilation problems: 
	The method getUsername() is undefined for the type Login
	The method getPassword() is undefined for the type Login
	The method getCustomer_first_name() is undefined for the type CustomerPolicy
	The method getCustomer_last_name() is undefined for the type CustomerPolicy
	The method getCustomer_email() is undefined for the type CustomerPolicy
	The method getCustomer_street() is undefined for the type CustomerPolicy
	The method getCustomer_street_number() is undefined for the type CustomerPolicy
	The method getCustomer_zip() is undefined for the type CustomerPolicy
	The method getCustomer_city() is undefined for the type CustomerPolicy
	The method getCustomer_country() is undefined for the type CustomerPolicy
" type="java.lang.Error">
      <![CDATA[java.lang.Error: Unresolved compilation problems: 
The method getUsername() is undefined for the type Login
The method getPassword() is undefined for the type Login
The method getCustomer_first_name() is undefined for the type CustomerPolicy
The method getCustomer_last_name() is undefined for the type CustomerPolicy
The method getCustomer_email() is undefined for the type CustomerPolicy
The method getCustomer_street() is undefined for the type CustomerPolicy
The method getCustomer_street_number() is undefined for the type CustomerPolicy
The method getCustomer_zip() is undefined for the type CustomerPolicy
The method getCustomer_city() is undefined for the type CustomerPolicy
The method getCustomer_country() is undefined for the type CustomerPolicy

at test_scenarios.TestLoginDetails.createPolicy(TestLoginDetails.java:51)
at java.base/jdk.internal.reflect.NativeMethodAccessorImpl.invoke0(Native Method)
at java.base/jdk.internal.reflect.NativeMethodAccessorImpl.invoke(NativeMethodAccessorImpl.java:64)
at java.base/jdk.internal.reflect.DelegatingMethodAccessorImpl.invoke(DelegatingMethodAccessorImpl.java:43)
at java.base/java.lang.reflect.Method.invoke(Method.java:564)
at org.testng.internal.MethodInvocationHelper.invokeMethod(MethodInvocationHelper.java:133)
at org.testng.internal.TestInvoker.invokeMethod(TestInvoker.java:598)
at org.testng.internal.TestInvoker.invokeTestMethod(TestInvoker.java:173)
at org.testng.internal.MethodRunner.runInSequence(MethodRunner.java:46)
at org.testng.internal.TestInvoker$MethodInvocationAgent.invoke(TestInvoker.java:824)
at org.testng.internal.TestInvoker.invokeTestMethods(TestInvoker.java:146)
at org.testng.internal.TestMethodWorker.invokeTestMethods(TestMethodWorker.java:146)
at org.testng.internal.TestMethodWorker.run(TestMethodWorker.java:128)
at java.base/java.util.ArrayList.forEach(ArrayList.java:1511)
at org.testng.TestRunner.privateRun(TestRunner.java:794)
at org.testng.TestRunner.run(TestRunner.java:596)
at org.testng.SuiteRunner.runTest(SuiteRunner.java:377)
at org.testng.SuiteRunner.runSequentially(SuiteRunner.java:371)
at org.testng.SuiteRunner.privateRun(SuiteRunner.java:332)
at org.testng.SuiteRunner.run(SuiteRunner.java:276)
at org.testng.SuiteRunnerWorker.runSuite(SuiteRunnerWorker.java:53)
at org.testng.SuiteRunnerWorker.run(SuiteRunnerWorker.java:96)
at org.testng.TestNG.runSuitesSequentially(TestNG.java:1212)
at org.testng.TestNG.runSuitesLocally(TestNG.java:1134)
at org.testng.TestNG.runSuites(TestNG.java:1063)
at org.testng.TestNG.run(TestNG.java:1031)
at org.testng.remote.AbstractRemoteTestNG.run(AbstractRemoteTestNG.java:115)
at org.testng.remote.RemoteTestNG.initAndRun(RemoteTestNG.java:251)
at org.testng.remote.RemoteTestNG.main(RemoteTestNG.java:77)
]]>
    </error>
  </testcase> <!-- createPolicy -->
  <system-out/>
  <testcase classname="test_scenarios.TestLoginDetails" name="createPolicy" time="0.002">
    <error message="Unresolved compilation problems: 
	The method getUsername() is undefined for the type Login
	The method getPassword() is undefined for the type Login
	The method getCustomer_first_name() is undefined for the type CustomerPolicy
	The method getCustomer_last_name() is undefined for the type CustomerPolicy
	The method getCustomer_email() is undefined for the type CustomerPolicy
	The method getCustomer_street() is undefined for the type CustomerPolicy
	The method getCustomer_street_number() is undefined for the type CustomerPolicy
	The method getCustomer_zip() is undefined for the type CustomerPolicy
	The method getCustomer_city() is undefined for the type CustomerPolicy
	The method getCustomer_country() is undefined for the type CustomerPolicy
" type="java.lang.Error">
      <![CDATA[java.lang.Error: Unresolved compilation problems: 
The method getUsername() is undefined for the type Login
The method getPassword() is undefined for the type Login
The method getCustomer_first_name() is undefined for the type CustomerPolicy
The method getCustomer_last_name() is undefined for the type CustomerPolicy
The method getCustomer_email() is undefined for the type CustomerPolicy
The method getCustomer_street() is undefined for the type CustomerPolicy
The method getCustomer_street_number() is undefined for the type CustomerPolicy
The method getCustomer_zip() is undefined for the type CustomerPolicy
The method getCustomer_city() is undefined for the type CustomerPolicy
The method getCustomer_country() is undefined for the type CustomerPolicy

at test_scenarios.TestLoginDetails.createPolicy(TestLoginDetails.java:51)
at java.base/jdk.internal.reflect.NativeMethodAccessorImpl.invoke0(Native Method)
at java.base/jdk.internal.reflect.NativeMethodAccessorImpl.invoke(NativeMethodAccessorImpl.java:64)
at java.base/jdk.internal.reflect.DelegatingMethodAccessorImpl.invoke(DelegatingMethodAccessorImpl.java:43)
at java.base/java.lang.reflect.Method.invoke(Method.java:564)
at org.testng.internal.MethodInvocationHelper.invokeMethod(MethodInvocationHelper.java:133)
at org.testng.internal.TestInvoker.invokeMethod(TestInvoker.java:598)
at org.testng.internal.TestInvoker.invokeTestMethod(TestInvoker.java:173)
at org.testng.internal.MethodRunner.runInSequence(MethodRunner.java:46)
at org.testng.internal.TestInvoker$MethodInvocationAgent.invoke(TestInvoker.java:824)
at org.testng.internal.TestInvoker.invokeTestMethods(TestInvoker.java:146)
at org.testng.internal.TestMethodWorker.invokeTestMethods(TestMethodWorker.java:146)
at org.testng.internal.TestMethodWorker.run(TestMethodWorker.java:128)
at java.base/java.util.ArrayList.forEach(ArrayList.java:1511)
at org.testng.TestRunner.privateRun(TestRunner.java:794)
at org.testng.TestRunner.run(TestRunner.java:596)
at org.testng.SuiteRunner.runTest(SuiteRunner.java:377)
at org.testng.SuiteRunner.runSequentially(SuiteRunner.java:371)
at org.testng.SuiteRunner.privateRun(SuiteRunner.java:332)
at org.testng.SuiteRunner.run(SuiteRunner.java:276)
at org.testng.SuiteRunnerWorker.runSuite(SuiteRunnerWorker.java:53)
at org.testng.SuiteRunnerWorker.run(SuiteRunnerWorker.java:96)
at org.testng.TestNG.runSuitesSequentially(TestNG.java:1212)
at org.testng.TestNG.runSuitesLocally(TestNG.java:1134)
at org.testng.TestNG.runSuites(TestNG.java:1063)
at org.testng.TestNG.run(TestNG.java:1031)
at org.testng.remote.AbstractRemoteTestNG.run(AbstractRemoteTestNG.java:115)
at org.testng.remote.RemoteTestNG.initAndRun(RemoteTestNG.java:251)
at org.testng.remote.RemoteTestNG.main(RemoteTestNG.java:77)
]]>
    </error>
  </testcase> <!-- createPolicy -->
  <system-out/>
</testsuite> <!-- test_scenarios.TestLoginDetails -->
